0 info it worked if it ends with ok
1 verbose cli [ '/usr/bin/node', '/usr/bin/npm', 'install', 'express' ]
2 info using npm@1.3.21
3 info using node@v0.10.24
4 error Failed to parse json
4 error Unexpected end of input
5 error File: /home/philipp/program/web/nodejs/SecureShare/package.json
6 error Failed to parse package.json data.
6 error package.json must be actual JSON, not just JavaScript.
6 error
6 error This is not a bug in npm.
6 error Tell the package author to fix their package.json file. JSON.parse
7 error System Linux 3.12.6-1-ARCH
8 error command "/usr/bin/node" "/usr/bin/npm" "install" "express"
9 error cwd /home/philipp/program/web/nodejs/SecureShare
10 error node -v v0.10.24
11 error npm -v 1.3.21
12 error file /home/philipp/program/web/nodejs/SecureShare/package.json
13 error code EJSONPARSE
14 verbose exit [ 1, true ]
